<?xml version="1.0" encoding="UTF-8"?>
<testsuite xmlns:xsi="http://www.w3.org/2001/XMLSchema-instance" xsi:noNamespaceSchemaLocation="https://maven.apache.org/surefire/maven-surefire-plugin/xsd/surefire-test-report-3.0.xsd" version="3.0" name="CalculatorTest" time="0.118" tests="4" errors="0" skipped="0" failures="0">
  <properties>
[...]
</properties>
  <testcase name="addTwoNumbers" classname="CalculatorTest" time="0.005"/>
  <testcase name="addThreeNumbers" classname="CalculatorTest" time="0"/>
  <testcase name="subtractTwoNumbers" classname="CalculatorTest" time="0"/>
  <testcase name="subtractThreeNumbers" classname="CalculatorTest" time="0"/>
</testsuite>